<?xml version="1.0" encoding="UTF-8"?>
<testsuite xmlns:xsi="http://www.w3.org/2001/XMLSchema-instance" xsi:noNamespaceSchemaLocation="https://maven.apache.org/surefire/maven-surefire-plugin/xsd/surefire-test-report-3.0.xsd" version="3.0" name="testRunner.TestRunner" time="61.69" tests="9" errors="9" skipped="0" failures="0">
  <properties>
    <property name="java.specification.version" value="14"/>
    <property name="webdriver.chrome.driver" value="/Users/rabahlamri/IdeaProjects/AutomationLab_Team_3/Generic/Browser/chrome/chromedriver"/>
    <property name="sun.jnu.encoding" value="UTF-8"/>
    <property name="java.class.path" value="/Users/rabahlamri/IdeaProjects/AutomationLab_Team_3/Aetna/target/test-classes:/Users/rabahlamri/IdeaProjects/AutomationLab_Team_3/Aetna/target/classes:/Users/rabahlamri/.m2/repository/com/qaquality/Generic/1.0-SNAPSHOT/Generic-1.0-SNAPSHOT.jar:/Users/rabahlamri/.m2/repository/io/github/bonigarcia/webdrivermanager/4.2.0/webdrivermanager-4.2.0.jar:/Users/rabahlamri/.m2/repository/org/slf4j/slf4j-api/1.7.30/slf4j-api-1.7.30.jar:/Users/rabahlamri/.m2/repository/com/google/code/gson/gson/2.8.6/gson-2.8.6.jar:/Users/rabahlamri/.m2/repository/org/apache/httpcomponents/client5/httpclient5/5.0.1/httpclient5-5.0.1.jar:/Users/rabahlamri/.m2/repository/org/apache/httpcomponents/core5/httpcore5/5.0.1/httpcore5-5.0.1.jar:/Users/rabahlamri/.m2/repository/org/apache/httpcomponents/core5/httpcore5-h2/5.0.1/httpcore5-h2-5.0.1.jar:/Users/rabahlamri/.m2/repository/org/rauschig/jarchivelib/1.0.0/jarchivelib-1.0.0.jar:/Users/rabahlamri/.m2/repository/org/jsoup/jsoup/1.13.1/jsoup-1.13.1.jar:/Users/rabahlamri/.m2/repository/org/seleniumhq/selenium/selenium-java/3.141.59/selenium-java-3.141.59.jar:/Users/rabahlamri/.m2/repository/org/seleniumhq/selenium/selenium-chrome-driver/3.141.59/selenium-chrome-driver-3.141.59.jar:/Users/rabahlamri/.m2/repository/org/seleniumhq/selenium/selenium-edge-driver/3.141.59/selenium-edge-driver-3.141.59.jar:/Users/rabahlamri/.m2/repository/org/seleniumhq/selenium/selenium-firefox-driver/3.141.59/selenium-firefox-driver-3.141.59.jar:/Users/rabahlamri/.m2/repository/org/seleniumhq/selenium/selenium-ie-driver/3.141.59/selenium-ie-driver-3.141.59.jar:/Users/rabahlamri/.m2/repository/org/seleniumhq/selenium/selenium-opera-driver/3.141.59/selenium-opera-driver-3.141.59.jar:/Users/rabahlamri/.m2/repository/org/seleniumhq/selenium/selenium-safari-driver/3.141.59/selenium-safari-driver-3.141.59.jar:/Users/rabahlamri/.m2/repository/org/seleniumhq/selenium/selenium-server/3.141.59/selenium-server-3.141.59.jar:/Users/rabahlamri/.m2/repository/net/jcip/jcip-annotations/1.0/jcip-annotations-1.0.jar:/Users/rabahlamri/.m2/repository/org/seleniumhq/selenium/jetty-repacked/9.4.12.v20180830/jetty-repacked-9.4.12.v20180830.jar:/Users/rabahlamri/.m2/repository/javax/servlet/javax.servlet-api/3.1.0/javax.servlet-api-3.1.0.jar:/Users/rabahlamri/.m2/repository/mysql/mysql-connector-java/8.0.21/mysql-connector-java-8.0.21.jar:/Users/rabahlamri/.m2/repository/com/google/protobuf/protobuf-java/3.11.4/protobuf-java-3.11.4.jar:/Users/rabahlamri/.m2/repository/org/mongodb/mongo-java-driver/3.12.7/mongo-java-driver-3.12.7.jar:/Users/rabahlamri/.m2/repository/org/apache/poi/poi/4.1.2/poi-4.1.2.jar:/Users/rabahlamri/.m2/repository/commons-codec/commons-codec/1.13/commons-codec-1.13.jar:/Users/rabahlamri/.m2/repository/org/apache/commons/commons-collections4/4.4/commons-collections4-4.4.jar:/Users/rabahlamri/.m2/repository/org/apache/commons/commons-math3/3.6.1/commons-math3-3.6.1.jar:/Users/rabahlamri/.m2/repository/com/zaxxer/SparseBitSet/1.2/SparseBitSet-1.2.jar:/Users/rabahlamri/.m2/repository/org/apache/poi/poi-ooxml/4.1.2/poi-ooxml-4.1.2.jar:/Users/rabahlamri/.m2/repository/org/apache/poi/poi-ooxml-schemas/4.1.2/poi-ooxml-schemas-4.1.2.jar:/Users/rabahlamri/.m2/repository/org/apache/xmlbeans/xmlbeans/3.1.0/xmlbeans-3.1.0.jar:/Users/rabahlamri/.m2/repository/org/apache/commons/commons-compress/1.19/commons-compress-1.19.jar:/Users/rabahlamri/.m2/repository/com/github/virtuald/curvesapi/1.06/curvesapi-1.06.jar:/Users/rabahlamri/.m2/repository/org/apache/commons/commons-lang3/3.11/commons-lang3-3.11.jar:/Users/rabahlamri/.m2/repository/io/cucumber/cucumber-core/6.6.0/cucumber-core-6.6.0.jar:/Users/rabahlamri/.m2/repository/io/cucumber/cucumber-gherkin/6.6.0/cucumber-gherkin-6.6.0.jar:/Users/rabahlamri/.m2/repository/io/cucumber/cucumber-gherkin-messages/6.6.0/cucumber-gherkin-messages-6.6.0.jar:/Users/rabahlamri/.m2/repository/io/cucumber/messages/13.0.1/messages-13.0.1.jar:/Users/rabahlamri/.m2/repository/io/cucumber/tag-expressions/3.0.0/tag-expressions-3.0.0.jar:/Users/rabahlamri/.m2/repository/io/cucumber/cucumber-expressions/10.3.0/cucumber-expressions-10.3.0.jar:/Users/rabahlamri/.m2/repository/io/cucumber/datatable/3.4.0/datatable-3.4.0.jar:/Users/rabahlamri/.m2/repository/io/cucumber/cucumber-plugin/6.6.0/cucumber-plugin-6.6.0.jar:/Users/rabahlamri/.m2/repository/io/cucumber/docstring/6.6.0/docstring-6.6.0.jar:/Users/rabahlamri/.m2/repository/io/cucumber/html-formatter/9.0.0/html-formatter-9.0.0.jar:/Users/rabahlamri/.m2/repository/io/cucumber/create-meta/2.0.1/create-meta-2.0.1.jar:/Users/rabahlamri/.m2/repository/io/cucumber/cucumber-jvm-deps/1.0.6/cucumber-jvm-deps-1.0.6.jar:/Users/rabahlamri/.m2/repository/io/cucumber/gherkin/15.0.2/gherkin-15.0.2.jar:/Users/rabahlamri/.m2/repository/io/cucumber/cucumber-testng/6.6.0/cucumber-testng-6.6.0.jar:/Users/rabahlamri/.m2/repository/io/cucumber/cucumber-html/0.2.7/cucumber-html-0.2.7.jar:/Users/rabahlamri/.m2/repository/io/cucumber/cucumber-picocontainer/6.6.0/cucumber-picocontainer-6.6.0.jar:/Users/rabahlamri/.m2/repository/org/picocontainer/picocontainer/2.15/picocontainer-2.15.jar:/Users/rabahlamri/.m2/repository/org/freemarker/freemarker/2.3.30/freemarker-2.3.30.jar:/Users/rabahlamri/.m2/repository/net/masterthought/cucumber-reporting/5.3.1/cucumber-reporting-5.3.1.jar:/Users/rabahlamri/.m2/repository/com/fasterxml/jackson/core/jackson-databind/2.10.1/jackson-databind-2.10.1.jar:/Users/rabahlamri/.m2/repository/com/fasterxml/jackson/core/jackson-annotations/2.10.1/jackson-annotations-2.10.1.jar:/Users/rabahlamri/.m2/repository/com/fasterxml/jackson/core/jackson-core/2.10.1/jackson-core-2.10.1.jar:/Users/rabahlamri/.m2/repository/com/fasterxml/jackson/datatype/jackson-datatype-jsr310/2.10.1/jackson-datatype-jsr310-2.10.1.jar:/Users/rabahlamri/.m2/repository/org/apache/velocity/velocity-engine-core/2.1/velocity-engine-core-2.1.jar:/Users/rabahlamri/.m2/repository/commons-collections/commons-collections/3.2.2/commons-collections-3.2.2.jar:/Users/rabahlamri/.m2/repository/joda-time/joda-time/2.10.5/joda-time-2.10.5.jar:/Users/rabahlamri/.m2/repository/org/codehaus/plexus/plexus-utils/3.3.0/plexus-utils-3.3.0.jar:/Users/rabahlamri/.m2/repository/com/googlecode/owasp-java-html-sanitizer/owasp-java-html-sanitizer/20191001.1/owasp-java-html-sanitizer-20191001.1.jar:/Users/rabahlamri/.m2/repository/commons-configuration/commons-configuration/1.10/commons-configuration-1.10.jar:/Users/rabahlamri/.m2/repository/commons-lang/commons-lang/2.6/commons-lang-2.6.jar:/Users/rabahlamri/.m2/repository/commons-logging/commons-logging/1.1.1/commons-logging-1.1.1.jar:/Users/rabahlamri/.m2/repository/net/masterthought/maven-cucumber-reporting/5.3.0/maven-cucumber-reporting-5.3.0.jar:/Users/rabahlamri/.m2/repository/org/apache/maven/maven-plugin-api/3.6.3/maven-plugin-api-3.6.3.jar:/Users/rabahlamri/.m2/repository/org/apache/maven/maven-model/3.6.3/maven-model-3.6.3.jar:/Users/rabahlamri/.m2/repository/org/apache/maven/maven-artifact/3.6.3/maven-artifact-3.6.3.jar:/Users/rabahlamri/.m2/repository/org/eclipse/sisu/org.eclipse.sisu.plexus/0.3.4/org.eclipse.sisu.plexus-0.3.4.jar:/Users/rabahlamri/.m2/repository/javax/enterprise/cdi-api/1.0/cdi-api-1.0.jar:/Users/rabahlamri/.m2/repository/javax/annotation/jsr250-api/1.0/jsr250-api-1.0.jar:/Users/rabahlamri/.m2/repository/org/eclipse/sisu/org.eclipse.sisu.inject/0.3.4/org.eclipse.sisu.inject-0.3.4.jar:/Users/rabahlamri/.m2/repository/org/codehaus/plexus/plexus-component-annotations/1.5.5/plexus-component-annotations-1.5.5.jar:/Users/rabahlamri/.m2/repository/org/codehaus/plexus/plexus-classworlds/2.6.0/plexus-classworlds-2.6.0.jar:/Users/rabahlamri/.m2/repository/org/apache/maven/plugins/maven-gpg-plugin/1.6/maven-gpg-plugin-1.6.jar:/Users/rabahlamri/.m2/repository/org/apache/maven/maven-project/2.2.1/maven-project-2.2.1.jar:/Users/rabahlamri/.m2/repository/org/apache/maven/maven-settings/2.2.1/maven-settings-2.2.1.jar:/Users/rabahlamri/.m2/repository/org/apache/maven/maven-profile/2.2.1/maven-profile-2.2.1.jar:/Users/rabahlamri/.m2/repository/org/apache/maven/maven-artifact-manager/2.2.1/maven-artifact-manager-2.2.1.jar:/Users/rabahlamri/.m2/repository/org/apache/maven/wagon/wagon-provider-api/1.0-beta-6/wagon-provider-api-1.0-beta-6.jar:/Users/rabahlamri/.m2/repository/backport-util-concurrent/backport-util-concurrent/3.1/backport-util-concurrent-3.1.jar:/Users/rabahlamri/.m2/repository/org/apache/maven/maven-plugin-registry/2.2.1/maven-plugin-registry-2.2.1.jar:/Users/rabahlamri/.m2/repository/org/codehaus/plexus/plexus-interpolation/1.11/plexus-interpolation-1.11.jar:/Users/rabahlamri/.m2/repository/org/codehaus/plexus/plexus-container-default/1.0-alpha-9-stable-1/plexus-container-default-1.0-alpha-9-stable-1.jar:/Users/rabahlamri/.m2/repository/classworlds/classworlds/1.1-alpha-2/classworlds-1.1-alpha-2.jar:/Users/rabahlamri/.m2/repository/org/apache/maven/maven-repository-metadata/2.2.1/maven-repository-metadata-2.2.1.jar:/Users/rabahlamri/.m2/repository/org/sonatype/plexus/plexus-sec-dispatcher/1.4/plexus-sec-dispatcher-1.4.jar:/Users/rabahlamri/.m2/repository/org/sonatype/plexus/plexus-cipher/1.4/plexus-cipher-1.4.jar:/Users/rabahlamri/.m2/repository/org/junit/jupiter/junit-jupiter-api/5.6.2/junit-jupiter-api-5.6.2.jar:/Users/rabahlamri/.m2/repository/org/opentest4j/opentest4j/1.2.0/opentest4j-1.2.0.jar:/Users/rabahlamri/.m2/repository/org/junit/platform/junit-platform-commons/1.6.2/junit-platform-commons-1.6.2.jar:/Users/rabahlamri/.m2/repository/org/hamcrest/hamcrest-core/2.2/hamcrest-core-2.2.jar:/Users/rabahlamri/.m2/repository/org/hamcrest/hamcrest/2.2/hamcrest-2.2.jar:/Users/rabahlamri/.m2/repository/com/aventstack/extentreports/5.0.3/extentreports-5.0.3.jar:/Users/rabahlamri/.m2/repository/io/reactivex/rxjava3/rxjava/3.0.4/rxjava-3.0.4.jar:/Users/rabahlamri/.m2/repository/org/reactivestreams/reactive-streams/1.0.3/reactive-streams-1.0.3.jar:/Users/rabahlamri/.m2/repository/org/projectlombok/lombok/1.18.12/lombok-1.18.12.jar:/Users/rabahlamri/.m2/repository/com/relevantcodes/extentreports/2.41.2/extentreports-2.41.2.jar:/Users/rabahlamri/.m2/repository/org/xerial/sqlite-jdbc/3.8.11.1/sqlite-jdbc-3.8.11.1.jar:/Users/rabahlamri/.m2/repository/org/mongodb/mongodb-driver/3.0.4/mongodb-driver-3.0.4.jar:/Users/rabahlamri/.m2/repository/org/mongodb/bson/3.0.4/bson-3.0.4.jar:/Users/rabahlamri/.m2/repository/org/mongodb/mongodb-driver-core/3.0.4/mongodb-driver-core-3.0.4.jar:/Users/rabahlamri/.m2/repository/com/vimalselvam/cucumber-extentsreport/3.1.1/cucumber-extentsreport-3.1.1.jar:/Users/rabahlamri/.m2/repository/org/seleniumhq/selenium/selenium-api/3.141.59/selenium-api-3.141.59.jar:/Users/rabahlamri/.m2/repository/junit/junit/4.13/junit-4.13.jar:/Users/rabahlamri/.m2/repository/io/cucumber/cucumber-junit/6.6.0/cucumber-junit-6.6.0.jar:/Users/rabahlamri/.m2/repository/org/apiguardian/apiguardian-api/1.1.0/apiguardian-api-1.1.0.jar:/Users/rabahlamri/.m2/repository/org/seleniumhq/selenium/selenium-support/3.141.59/selenium-support-3.141.59.jar:/Users/rabahlamri/.m2/repository/org/seleniumhq/selenium/selenium-remote-driver/3.141.59/selenium-remote-driver-3.141.59.jar:/Users/rabahlamri/.m2/repository/net/bytebuddy/byte-buddy/1.8.15/byte-buddy-1.8.15.jar:/Users/rabahlamri/.m2/repository/org/apache/commons/commons-exec/1.3/commons-exec-1.3.jar:/Users/rabahlamri/.m2/repository/com/google/guava/guava/25.0-jre/guava-25.0-jre.jar:/Users/rabahlamri/.m2/repository/com/google/code/findbugs/jsr305/1.3.9/jsr305-1.3.9.jar:/Users/rabahlamri/.m2/repository/org/checkerframework/checker-compat-qual/2.0.0/checker-compat-qual-2.0.0.jar:/Users/rabahlamri/.m2/repository/com/google/errorprone/error_prone_annotations/2.1.3/error_prone_annotations-2.1.3.jar:/Users/rabahlamri/.m2/repository/com/google/j2objc/j2objc-annotations/1.1/j2objc-annotations-1.1.jar:/Users/rabahlamri/.m2/repository/org/codehaus/mojo/animal-sniffer-annotations/1.14/animal-sniffer-annotations-1.14.jar:/Users/rabahlamri/.m2/repository/com/squareup/okhttp3/okhttp/3.11.0/okhttp-3.11.0.jar:/Users/rabahlamri/.m2/repository/com/squareup/okio/okio/1.14.0/okio-1.14.0.jar:/Users/rabahlamri/.m2/repository/org/testng/testng/7.1.0/testng-7.1.0.jar:/Users/rabahlamri/.m2/repository/com/beust/jcommander/1.72/jcommander-1.72.jar:/Users/rabahlamri/.m2/repository/com/google/inject/guice/4.1.0/guice-4.1.0-no_aop.jar:/Users/rabahlamri/.m2/repository/javax/inject/javax.inject/1/javax.inject-1.jar:/Users/rabahlamri/.m2/repository/aopalliance/aopalliance/1.0/aopalliance-1.0.jar:/Users/rabahlamri/.m2/repository/org/yaml/snakeyaml/1.21/snakeyaml-1.21.jar:/Users/rabahlamri/.m2/repository/io/cucumber/cucumber-java/6.6.0/cucumber-java-6.6.0.jar:/Users/rabahlamri/.m2/repository/commons-io/commons-io/2.7/commons-io-2.7.jar:"/>
    <property name="java.vm.vendor" value="Oracle Corporation"/>
    <property name="sun.arch.data.model" value="64"/>
    <property name="java.vendor.url" value="https://java.oracle.com/"/>
    <property name="user.timezone" value="America/New_York"/>
    <property name="os.name" value="Mac OS X"/>
    <property name="java.vm.specification.version" value="14"/>
    <property name="sun.java.launcher" value="SUN_STANDARD"/>
    <property name="user.country" value="US"/>
    <property name="sun.boot.library.path" value="/Library/Java/JavaVirtualMachines/jdk-14.0.1.jdk/Contents/Home/lib"/>
    <property name="sun.java.command" value="/Users/rabahlamri/IdeaProjects/AutomationLab_Team_3/Aetna/target/surefire/surefirebooter8368518406479620727.jar /Users/rabahlamri/IdeaProjects/AutomationLab_Team_3/Aetna/target/surefire 2020-09-27T00-35-31_797-jvmRun1 surefire18181790733302280595tmp surefire_01172387789275520811tmp"/>
    <property name="http.nonProxyHosts" value="local|*.local|169.254/16|*.169.254/16"/>
    <property name="jdk.debug" value="release"/>
    <property name="surefire.test.class.path" value="/Users/rabahlamri/IdeaProjects/AutomationLab_Team_3/Aetna/target/test-classes:/Users/rabahlamri/IdeaProjects/AutomationLab_Team_3/Aetna/target/classes:/Users/rabahlamri/.m2/repository/com/qaquality/Generic/1.0-SNAPSHOT/Generic-1.0-SNAPSHOT.jar:/Users/rabahlamri/.m2/repository/io/github/bonigarcia/webdrivermanager/4.2.0/webdrivermanager-4.2.0.jar:/Users/rabahlamri/.m2/repository/org/slf4j/slf4j-api/1.7.30/slf4j-api-1.7.30.jar:/Users/rabahlamri/.m2/repository/com/google/code/gson/gson/2.8.6/gson-2.8.6.jar:/Users/rabahlamri/.m2/repository/org/apache/httpcomponents/client5/httpclient5/5.0.1/httpclient5-5.0.1.jar:/Users/rabahlamri/.m2/repository/org/apache/httpcomponents/core5/httpcore5/5.0.1/httpcore5-5.0.1.jar:/Users/rabahlamri/.m2/repository/org/apache/httpcomponents/core5/httpcore5-h2/5.0.1/httpcore5-h2-5.0.1.jar:/Users/rabahlamri/.m2/repository/org/rauschig/jarchivelib/1.0.0/jarchivelib-1.0.0.jar:/Users/rabahlamri/.m2/repository/org/jsoup/jsoup/1.13.1/jsoup-1.13.1.jar:/Users/rabahlamri/.m2/repository/org/seleniumhq/selenium/selenium-java/3.141.59/selenium-java-3.141.59.jar:/Users/rabahlamri/.m2/repository/org/seleniumhq/selenium/selenium-chrome-driver/3.141.59/selenium-chrome-driver-3.141.59.jar:/Users/rabahlamri/.m2/repository/org/seleniumhq/selenium/selenium-edge-driver/3.141.59/selenium-edge-driver-3.141.59.jar:/Users/rabahlamri/.m2/repository/org/seleniumhq/selenium/selenium-firefox-driver/3.141.59/selenium-firefox-driver-3.141.59.jar:/Users/rabahlamri/.m2/repository/org/seleniumhq/selenium/selenium-ie-driver/3.141.59/selenium-ie-driver-3.141.59.jar:/Users/rabahlamri/.m2/repository/org/seleniumhq/selenium/selenium-opera-driver/3.141.59/selenium-opera-driver-3.141.59.jar:/Users/rabahlamri/.m2/repository/org/seleniumhq/selenium/selenium-safari-driver/3.141.59/selenium-safari-driver-3.141.59.jar:/Users/rabahlamri/.m2/repository/org/seleniumhq/selenium/selenium-server/3.141.59/selenium-server-3.141.59.jar:/Users/rabahlamri/.m2/repository/net/jcip/jcip-annotations/1.0/jcip-annotations-1.0.jar:/Users/rabahlamri/.m2/repository/org/seleniumhq/selenium/jetty-repacked/9.4.12.v20180830/jetty-repacked-9.4.12.v20180830.jar:/Users/rabahlamri/.m2/repository/javax/servlet/javax.servlet-api/3.1.0/javax.servlet-api-3.1.0.jar:/Users/rabahlamri/.m2/repository/mysql/mysql-connector-java/8.0.21/mysql-connector-java-8.0.21.jar:/Users/rabahlamri/.m2/repository/com/google/protobuf/protobuf-java/3.11.4/protobuf-java-3.11.4.jar:/Users/rabahlamri/.m2/repository/org/mongodb/mongo-java-driver/3.12.7/mongo-java-driver-3.12.7.jar:/Users/rabahlamri/.m2/repository/org/apache/poi/poi/4.1.2/poi-4.1.2.jar:/Users/rabahlamri/.m2/repository/commons-codec/commons-codec/1.13/commons-codec-1.13.jar:/Users/rabahlamri/.m2/repository/org/apache/commons/commons-collections4/4.4/commons-collections4-4.4.jar:/Users/rabahlamri/.m2/repository/org/apache/commons/commons-math3/3.6.1/commons-math3-3.6.1.jar:/Users/rabahlamri/.m2/repository/com/zaxxer/SparseBitSet/1.2/SparseBitSet-1.2.jar:/Users/rabahlamri/.m2/repository/org/apache/poi/poi-ooxml/4.1.2/poi-ooxml-4.1.2.jar:/Users/rabahlamri/.m2/repository/org/apache/poi/poi-ooxml-schemas/4.1.2/poi-ooxml-schemas-4.1.2.jar:/Users/rabahlamri/.m2/repository/org/apache/xmlbeans/xmlbeans/3.1.0/xmlbeans-3.1.0.jar:/Users/rabahlamri/.m2/repository/org/apache/commons/commons-compress/1.19/commons-compress-1.19.jar:/Users/rabahlamri/.m2/repository/com/github/virtuald/curvesapi/1.06/curvesapi-1.06.jar:/Users/rabahlamri/.m2/repository/org/apache/commons/commons-lang3/3.11/commons-lang3-3.11.jar:/Users/rabahlamri/.m2/repository/io/cucumber/cucumber-core/6.6.0/cucumber-core-6.6.0.jar:/Users/rabahlamri/.m2/repository/io/cucumber/cucumber-gherkin/6.6.0/cucumber-gherkin-6.6.0.jar:/Users/rabahlamri/.m2/repository/io/cucumber/cucumber-gherkin-messages/6.6.0/cucumber-gherkin-messages-6.6.0.jar:/Users/rabahlamri/.m2/repository/io/cucumber/messages/13.0.1/messages-13.0.1.jar:/Users/rabahlamri/.m2/repository/io/cucumber/tag-expressions/3.0.0/tag-expressions-3.0.0.jar:/Users/rabahlamri/.m2/repository/io/cucumber/cucumber-expressions/10.3.0/cucumber-expressions-10.3.0.jar:/Users/rabahlamri/.m2/repository/io/cucumber/datatable/3.4.0/datatable-3.4.0.jar:/Users/rabahlamri/.m2/repository/io/cucumber/cucumber-plugin/6.6.0/cucumber-plugin-6.6.0.jar:/Users/rabahlamri/.m2/repository/io/cucumber/docstring/6.6.0/docstring-6.6.0.jar:/Users/rabahlamri/.m2/repository/io/cucumber/html-formatter/9.0.0/html-formatter-9.0.0.jar:/Users/rabahlamri/.m2/repository/io/cucumber/create-meta/2.0.1/create-meta-2.0.1.jar:/Users/rabahlamri/.m2/repository/io/cucumber/cucumber-jvm-deps/1.0.6/cucumber-jvm-deps-1.0.6.jar:/Users/rabahlamri/.m2/repository/io/cucumber/gherkin/15.0.2/gherkin-15.0.2.jar:/Users/rabahlamri/.m2/repository/io/cucumber/cucumber-testng/6.6.0/cucumber-testng-6.6.0.jar:/Users/rabahlamri/.m2/repository/io/cucumber/cucumber-html/0.2.7/cucumber-html-0.2.7.jar:/Users/rabahlamri/.m2/repository/io/cucumber/cucumber-picocontainer/6.6.0/cucumber-picocontainer-6.6.0.jar:/Users/rabahlamri/.m2/repository/org/picocontainer/picocontainer/2.15/picocontainer-2.15.jar:/Users/rabahlamri/.m2/repository/org/freemarker/freemarker/2.3.30/freemarker-2.3.30.jar:/Users/rabahlamri/.m2/repository/net/masterthought/cucumber-reporting/5.3.1/cucumber-reporting-5.3.1.jar:/Users/rabahlamri/.m2/repository/com/fasterxml/jackson/core/jackson-databind/2.10.1/jackson-databind-2.10.1.jar:/Users/rabahlamri/.m2/repository/com/fasterxml/jackson/core/jackson-annotations/2.10.1/jackson-annotations-2.10.1.jar:/Users/rabahlamri/.m2/repository/com/fasterxml/jackson/core/jackson-core/2.10.1/jackson-core-2.10.1.jar:/Users/rabahlamri/.m2/repository/com/fasterxml/jackson/datatype/jackson-datatype-jsr310/2.10.1/jackson-datatype-jsr310-2.10.1.jar:/Users/rabahlamri/.m2/repository/org/apache/velocity/velocity-engine-core/2.1/velocity-engine-core-2.1.jar:/Users/rabahlamri/.m2/repository/commons-collections/commons-collections/3.2.2/commons-collections-3.2.2.jar:/Users/rabahlamri/.m2/repository/joda-time/joda-time/2.10.5/joda-time-2.10.5.jar:/Users/rabahlamri/.m2/repository/org/codehaus/plexus/plexus-utils/3.3.0/plexus-utils-3.3.0.jar:/Users/rabahlamri/.m2/repository/com/googlecode/owasp-java-html-sanitizer/owasp-java-html-sanitizer/20191001.1/owasp-java-html-sanitizer-20191001.1.jar:/Users/rabahlamri/.m2/repository/commons-configuration/commons-configuration/1.10/commons-configuration-1.10.jar:/Users/rabahlamri/.m2/repository/commons-lang/commons-lang/2.6/commons-lang-2.6.jar:/Users/rabahlamri/.m2/repository/commons-logging/commons-logging/1.1.1/commons-logging-1.1.1.jar:/Users/rabahlamri/.m2/repository/net/masterthought/maven-cucumber-reporting/5.3.0/maven-cucumber-reporting-5.3.0.jar:/Users/rabahlamri/.m2/repository/org/apache/maven/maven-plugin-api/3.6.3/maven-plugin-api-3.6.3.jar:/Users/rabahlamri/.m2/repository/org/apache/maven/maven-model/3.6.3/maven-model-3.6.3.jar:/Users/rabahlamri/.m2/repository/org/apache/maven/maven-artifact/3.6.3/maven-artifact-3.6.3.jar:/Users/rabahlamri/.m2/repository/org/eclipse/sisu/org.eclipse.sisu.plexus/0.3.4/org.eclipse.sisu.plexus-0.3.4.jar:/Users/rabahlamri/.m2/repository/javax/enterprise/cdi-api/1.0/cdi-api-1.0.jar:/Users/rabahlamri/.m2/repository/javax/annotation/jsr250-api/1.0/jsr250-api-1.0.jar:/Users/rabahlamri/.m2/repository/org/eclipse/sisu/org.eclipse.sisu.inject/0.3.4/org.eclipse.sisu.inject-0.3.4.jar:/Users/rabahlamri/.m2/repository/org/codehaus/plexus/plexus-component-annotations/1.5.5/plexus-component-annotations-1.5.5.jar:/Users/rabahlamri/.m2/repository/org/codehaus/plexus/plexus-classworlds/2.6.0/plexus-classworlds-2.6.0.jar:/Users/rabahlamri/.m2/repository/org/apache/maven/plugins/maven-gpg-plugin/1.6/maven-gpg-plugin-1.6.jar:/Users/rabahlamri/.m2/repository/org/apache/maven/maven-project/2.2.1/maven-project-2.2.1.jar:/Users/rabahlamri/.m2/repository/org/apache/maven/maven-settings/2.2.1/maven-settings-2.2.1.jar:/Users/rabahlamri/.m2/repository/org/apache/maven/maven-profile/2.2.1/maven-profile-2.2.1.jar:/Users/rabahlamri/.m2/repository/org/apache/maven/maven-artifact-manager/2.2.1/maven-artifact-manager-2.2.1.jar:/Users/rabahlamri/.m2/repository/org/apache/maven/wagon/wagon-provider-api/1.0-beta-6/wagon-provider-api-1.0-beta-6.jar:/Users/rabahlamri/.m2/repository/backport-util-concurrent/backport-util-concurrent/3.1/backport-util-concurrent-3.1.jar:/Users/rabahlamri/.m2/repository/org/apache/maven/maven-plugin-registry/2.2.1/maven-plugin-registry-2.2.1.jar:/Users/rabahlamri/.m2/repository/org/codehaus/plexus/plexus-interpolation/1.11/plexus-interpolation-1.11.jar:/Users/rabahlamri/.m2/repository/org/codehaus/plexus/plexus-container-default/1.0-alpha-9-stable-1/plexus-container-default-1.0-alpha-9-stable-1.jar:/Users/rabahlamri/.m2/repository/classworlds/classworlds/1.1-alpha-2/classworlds-1.1-alpha-2.jar:/Users/rabahlamri/.m2/repository/org/apache/maven/maven-repository-metadata/2.2.1/maven-repository-metadata-2.2.1.jar:/Users/rabahlamri/.m2/repository/org/sonatype/plexus/plexus-sec-dispatcher/1.4/plexus-sec-dispatcher-1.4.jar:/Users/rabahlamri/.m2/repository/org/sonatype/plexus/plexus-cipher/1.4/plexus-cipher-1.4.jar:/Users/rabahlamri/.m2/repository/org/junit/jupiter/junit-jupiter-api/5.6.2/junit-jupiter-api-5.6.2.jar:/Users/rabahlamri/.m2/repository/org/opentest4j/opentest4j/1.2.0/opentest4j-1.2.0.jar:/Users/rabahlamri/.m2/repository/org/junit/platform/junit-platform-commons/1.6.2/junit-platform-commons-1.6.2.jar:/Users/rabahlamri/.m2/repository/org/hamcrest/hamcrest-core/2.2/hamcrest-core-2.2.jar:/Users/rabahlamri/.m2/repository/org/hamcrest/hamcrest/2.2/hamcrest-2.2.jar:/Users/rabahlamri/.m2/repository/com/aventstack/extentreports/5.0.3/extentreports-5.0.3.jar:/Users/rabahlamri/.m2/repository/io/reactivex/rxjava3/rxjava/3.0.4/rxjava-3.0.4.jar:/Users/rabahlamri/.m2/repository/org/reactivestreams/reactive-streams/1.0.3/reactive-streams-1.0.3.jar:/Users/rabahlamri/.m2/repository/org/projectlombok/lombok/1.18.12/lombok-1.18.12.jar:/Users/rabahlamri/.m2/repository/com/relevantcodes/extentreports/2.41.2/extentreports-2.41.2.jar:/Users/rabahlamri/.m2/repository/org/xerial/sqlite-jdbc/3.8.11.1/sqlite-jdbc-3.8.11.1.jar:/Users/rabahlamri/.m2/repository/org/mongodb/mongodb-driver/3.0.4/mongodb-driver-3.0.4.jar:/Users/rabahlamri/.m2/repository/org/mongodb/bson/3.0.4/bson-3.0.4.jar:/Users/rabahlamri/.m2/repository/org/mongodb/mongodb-driver-core/3.0.4/mongodb-driver-core-3.0.4.jar:/Users/rabahlamri/.m2/repository/com/vimalselvam/cucumber-extentsreport/3.1.1/cucumber-extentsreport-3.1.1.jar:/Users/rabahlamri/.m2/repository/org/seleniumhq/selenium/selenium-api/3.141.59/selenium-api-3.141.59.jar:/Users/rabahlamri/.m2/repository/junit/junit/4.13/junit-4.13.jar:/Users/rabahlamri/.m2/repository/io/cucumber/cucumber-junit/6.6.0/cucumber-junit-6.6.0.jar:/Users/rabahlamri/.m2/repository/org/apiguardian/apiguardian-api/1.1.0/apiguardian-api-1.1.0.jar:/Users/rabahlamri/.m2/repository/org/seleniumhq/selenium/selenium-support/3.141.59/selenium-support-3.141.59.jar:/Users/rabahlamri/.m2/repository/org/seleniumhq/selenium/selenium-remote-driver/3.141.59/selenium-remote-driver-3.141.59.jar:/Users/rabahlamri/.m2/repository/net/bytebuddy/byte-buddy/1.8.15/byte-buddy-1.8.15.jar:/Users/rabahlamri/.m2/repository/org/apache/commons/commons-exec/1.3/commons-exec-1.3.jar:/Users/rabahlamri/.m2/repository/com/google/guava/guava/25.0-jre/guava-25.0-jre.jar:/Users/rabahlamri/.m2/repository/com/google/code/findbugs/jsr305/1.3.9/jsr305-1.3.9.jar:/Users/rabahlamri/.m2/repository/org/checkerframework/checker-compat-qual/2.0.0/checker-compat-qual-2.0.0.jar:/Users/rabahlamri/.m2/repository/com/google/errorprone/error_prone_annotations/2.1.3/error_prone_annotations-2.1.3.jar:/Users/rabahlamri/.m2/repository/com/google/j2objc/j2objc-annotations/1.1/j2objc-annotations-1.1.jar:/Users/rabahlamri/.m2/repository/org/codehaus/mojo/animal-sniffer-annotations/1.14/animal-sniffer-annotations-1.14.jar:/Users/rabahlamri/.m2/repository/com/squareup/okhttp3/okhttp/3.11.0/okhttp-3.11.0.jar:/Users/rabahlamri/.m2/repository/com/squareup/okio/okio/1.14.0/okio-1.14.0.jar:/Users/rabahlamri/.m2/repository/org/testng/testng/7.1.0/testng-7.1.0.jar:/Users/rabahlamri/.m2/repository/com/beust/jcommander/1.72/jcommander-1.72.jar:/Users/rabahlamri/.m2/repository/com/google/inject/guice/4.1.0/guice-4.1.0-no_aop.jar:/Users/rabahlamri/.m2/repository/javax/inject/javax.inject/1/javax.inject-1.jar:/Users/rabahlamri/.m2/repository/aopalliance/aopalliance/1.0/aopalliance-1.0.jar:/Users/rabahlamri/.m2/repository/org/yaml/snakeyaml/1.21/snakeyaml-1.21.jar:/Users/rabahlamri/.m2/repository/io/cucumber/cucumber-java/6.6.0/cucumber-java-6.6.0.jar:/Users/rabahlamri/.m2/repository/commons-io/commons-io/2.7/commons-io-2.7.jar:"/>
    <property name="sun.cpu.endian" value="little"/>
    <property name="user.home" value="/Users/rabahlamri"/>
    <property name="user.language" value="en"/>
    <property name="java.specification.vendor" value="Oracle Corporation"/>
    <property name="java.version.date" value="2020-04-14"/>
    <property name="java.home" value="/Library/Java/JavaVirtualMachines/jdk-14.0.1.jdk/Contents/Home"/>
    <property name="file.separator" value="/"/>
    <property name="basedir" value="/Users/rabahlamri/IdeaProjects/AutomationLab_Team_3/Aetna"/>
    <property name="java.vm.compressedOopsMode" value="Zero based"/>
    <property name="line.separator" value="&#10;"/>
    <property name="java.vm.specification.vendor" value="Oracle Corporation"/>
    <property name="java.specification.name" value="Java Platform API Specification"/>
    <property name="idea.version2020.1.3" value="true"/>
    <property name="surefire.real.class.path" value="/Users/rabahlamri/IdeaProjects/AutomationLab_Team_3/Aetna/target/surefire/surefirebooter8368518406479620727.jar"/>
    <property name="sun.management.compiler" value="HotSpot 64-Bit Tiered Compilers"/>
    <property name="ftp.nonProxyHosts" value="local|*.local|169.254/16|*.169.254/16"/>
    <property name="java.runtime.version" value="14.0.1+7"/>
    <property name="user.name" value="rabahlamri"/>
    <property name="path.separator" value=":"/>
    <property name="os.version" value="10.15.6"/>
    <property name="java.runtime.name" value="Java(TM) SE Runtime Environment"/>
    <property name="file.encoding" value="UTF-8"/>
    <property name="java.vm.name" value="Java HotSpot(TM) 64-Bit Server VM"/>
    <property name="localRepository" value="/Users/rabahlamri/.m2/repository"/>
    <property name="java.vendor.url.bug" value="https://bugreport.java.com/bugreport/"/>
    <property name="java.io.tmpdir" value="/var/folders/9q/ctqq8hnx4wb623ywdxq9dvsh0000gn/T/"/>
    <property name="java.version" value="14.0.1"/>
    <property name="user.dir" value="/Users/rabahlamri/IdeaProjects/AutomationLab_Team_3/Aetna"/>
    <property name="os.arch" value="x86_64"/>
    <property name="java.vm.specification.name" value="Java Virtual Machine Specification"/>
    <property name="java.library.path" value="/Users/rabahlamri/Library/Java/Extensions:/Library/Java/Extensions:/Network/Library/Java/Extensions:/System/Library/Java/Extensions:/usr/lib/java:."/>
    <property name="java.vm.info" value="mixed mode, sharing"/>
    <property name="java.vendor" value="Oracle Corporation"/>
    <property name="java.vm.version" value="14.0.1+7"/>
    <property name="sun.io.unicode.encoding" value="UnicodeBig"/>
    <property name="socksNonProxyHosts" value="local|*.local|169.254/16|*.169.254/16"/>
    <property name="java.class.version" value="58.0"/>
  </properties>
  <testcase name="Aetna HomePage Check" classname="Aetna Homepage Functionality Check" time="7.477">
    <error type="java.lang.NullPointerException"><![CDATA[java.lang.NullPointerException
]]></error>
    <system-out><![CDATA[
@Regression
Scenario: Aetna HomePage Check               # src/test/java/features/aetnaHome.feature:20
  Given I am in Aetna Homepage               # stepDefinitions.HomePageStepDefinitions.i_am_in_aetna_homepage()
  Then I click on Expplore Aetna Site        # stepDefinitions.HomePageStepDefinitions.i_click_on_expplore_aetna_site()
      java.lang.NullPointerException
	at org.openqa.selenium.support.pagefactory.DefaultElementLocator.findElement(DefaultElementLocator.java:69)
	at org.openqa.selenium.support.pagefactory.internal.LocatingElementHandler.invoke(LocatingElementHandler.java:38)
	at com.sun.proxy.$Proxy25.click(Unknown Source)
	at aetnahome.AetnaHome.aetnaExploreSiteMethod(AetnaHome.java:77)
	at stepDefinitions.HomePageStepDefinitions.i_click_on_expplore_aetna_site(HomePageStepDefinitions.java:36)
	at ✽.I click on Expplore Aetna Site(file:///Users/rabahlamri/IdeaProjects/AutomationLab_Team_3/Aetna/src/test/java/features/aetnaHome.feature:17)

  And I verify the Expplore Aetna page title # stepDefinitions.HomePageStepDefinitions.i_verify_the_expplore_aetna_page_title()
]]></system-out>
    <system-err><![CDATA[Starting ChromeDriver 85.0.4183.87 (cd6713ebf92fa1cacc0f1a598df280093af0c5d7-refs/branch-heads/4183@{#1689}) on port 47167
Only local connections are allowed.
Please see https://chromedriver.chromium.org/security-considerations for suggestions on keeping ChromeDriver safe.
ChromeDriver was started successfully.
Sep 27, 2020 12:35:35 AM org.openqa.selenium.remote.ProtocolHandshake createSession
INFO: Detected dialect: W3C
]]></system-err>
  </testcase>
  <testcase name="Search button check" classname="Aetna Homepage Functionality Check" time="7.102">
    <error type="java.lang.NullPointerException"><![CDATA[java.lang.NullPointerException
]]></error>
    <system-out><![CDATA[
@Regression
Scenario: Search button check           # src/test/java/features/aetnaHome.feature:28
  Given I am in Aetna Homepage          # stepDefinitions.HomePageStepDefinitions.i_am_in_aetna_homepage()
  Then I click on Expplore Aetna Site   # stepDefinitions.HomePageStepDefinitions.i_click_on_expplore_aetna_site()
      java.lang.NullPointerException
	at org.openqa.selenium.support.pagefactory.DefaultElementLocator.findElement(DefaultElementLocator.java:69)
	at org.openqa.selenium.support.pagefactory.internal.LocatingElementHandler.invoke(LocatingElementHandler.java:38)
	at com.sun.proxy.$Proxy25.click(Unknown Source)
	at aetnahome.AetnaHome.aetnaExploreSiteMethod(AetnaHome.java:77)
	at stepDefinitions.HomePageStepDefinitions.i_click_on_expplore_aetna_site(HomePageStepDefinitions.java:36)
	at ✽.I click on Expplore Aetna Site(file:///Users/rabahlamri/IdeaProjects/AutomationLab_Team_3/Aetna/src/test/java/features/aetnaHome.feature:17)

  Then I click on search button         # stepDefinitions.HomePageStepDefinitions.i_click_on_search_button()
  And I enter search text "provider"    # stepDefinitions.HomePageStepDefinitions.i_enter_search_text(java.lang.String)
  And I click on submit                 # stepDefinitions.HomePageStepDefinitions.i_click_on_submit()
  Then I verify the provider page title # stepDefinitions.HomePageStepDefinitions.i_verify_the_provider_page_title()
]]></system-out>
    <system-err><![CDATA[Starting ChromeDriver 85.0.4183.87 (cd6713ebf92fa1cacc0f1a598df280093af0c5d7-refs/branch-heads/4183@{#1689}) on port 35616
Only local connections are allowed.
Please see https://chromedriver.chromium.org/security-considerations for suggestions on keeping ChromeDriver safe.
ChromeDriver was started successfully.
Sep 27, 2020 12:35:42 AM org.openqa.selenium.remote.ProtocolHandshake createSession
INFO: Detected dialect: W3C
]]></system-err>
  </testcase>
  <testcase name="Check Aetna_com button" classname="Aetna Homepage Functionality Check" time="5.814">
    <error type="java.lang.NullPointerException"><![CDATA[java.lang.NullPointerException
]]></error>
    <system-out><![CDATA[
@Regression
Scenario: Check Aetna_com button        # src/test/java/features/aetnaHome.feature:63
  Given I am in Aetna Homepage          # stepDefinitions.HomePageStepDefinitions.i_am_in_aetna_homepage()
  Then I click on Expplore Aetna Site   # stepDefinitions.HomePageStepDefinitions.i_click_on_expplore_aetna_site()
      java.lang.NullPointerException
	at org.openqa.selenium.support.pagefactory.DefaultElementLocator.findElement(DefaultElementLocator.java:69)
	at org.openqa.selenium.support.pagefactory.internal.LocatingElementHandler.invoke(LocatingElementHandler.java:38)
	at com.sun.proxy.$Proxy25.click(Unknown Source)
	at aetnahome.AetnaHome.aetnaExploreSiteMethod(AetnaHome.java:77)
	at stepDefinitions.HomePageStepDefinitions.i_click_on_expplore_aetna_site(HomePageStepDefinitions.java:36)
	at ✽.I click on Expplore Aetna Site(file:///Users/rabahlamri/IdeaProjects/AutomationLab_Team_3/Aetna/src/test/java/features/aetnaHome.feature:17)

  Then I click on Aetna_com Button      # stepDefinitions.HomePageStepDefinitions.i_click_on_aetna_com_button()
  And I verify the Aetna_com page title # stepDefinitions.HomePageStepDefinitions.i_verify_the_page_title()
]]></system-out>
    <system-err><![CDATA[Starting ChromeDriver 85.0.4183.87 (cd6713ebf92fa1cacc0f1a598df280093af0c5d7-refs/branch-heads/4183@{#1689}) on port 27279
Only local connections are allowed.
Please see https://chromedriver.chromium.org/security-considerations for suggestions on keeping ChromeDriver safe.
ChromeDriver was started successfully.
Sep 27, 2020 12:35:49 AM org.openqa.selenium.remote.ProtocolHandshake createSession
INFO: Detected dialect: W3C
]]></system-err>
  </testcase>
  <testcase name="Check For Providers button" classname="Aetna Homepage Functionality Check" time="5.794">
    <error type="java.lang.NullPointerException"><![CDATA[java.lang.NullPointerException
]]></error>
    <system-out><![CDATA[
@Regression
Scenario: Check For Providers button    # src/test/java/features/aetnaHome.feature:68
  Given I am in Aetna Homepage          # stepDefinitions.HomePageStepDefinitions.i_am_in_aetna_homepage()
  Then I click on Expplore Aetna Site   # stepDefinitions.HomePageStepDefinitions.i_click_on_expplore_aetna_site()
      java.lang.NullPointerException
	at org.openqa.selenium.support.pagefactory.DefaultElementLocator.findElement(DefaultElementLocator.java:69)
	at org.openqa.selenium.support.pagefactory.internal.LocatingElementHandler.invoke(LocatingElementHandler.java:38)
	at com.sun.proxy.$Proxy25.click(Unknown Source)
	at aetnahome.AetnaHome.aetnaExploreSiteMethod(AetnaHome.java:77)
	at stepDefinitions.HomePageStepDefinitions.i_click_on_expplore_aetna_site(HomePageStepDefinitions.java:36)
	at ✽.I click on Expplore Aetna Site(file:///Users/rabahlamri/IdeaProjects/AutomationLab_Team_3/Aetna/src/test/java/features/aetnaHome.feature:17)

  Then I click on For Providers Button  # stepDefinitions.HomePageStepDefinitions.i_click_on_for_providers_button()
  And I verify For Providers page title # stepDefinitions.HomePageStepDefinitions.i_verify_for_Providers_page_title()
]]></system-out>
    <system-err><![CDATA[Starting ChromeDriver 85.0.4183.87 (cd6713ebf92fa1cacc0f1a598df280093af0c5d7-refs/branch-heads/4183@{#1689}) on port 20195
Only local connections are allowed.
Please see https://chromedriver.chromium.org/security-considerations for suggestions on keeping ChromeDriver safe.
ChromeDriver was started successfully.
Sep 27, 2020 12:35:54 AM org.openqa.selenium.remote.ProtocolHandshake createSession
INFO: Detected dialect: W3C
]]></system-err>
  </testcase>
  <testcase name="Check For Employers button" classname="Aetna Homepage Functionality Check" time="7.295">
    <error type="java.lang.NullPointerException"><![CDATA[java.lang.NullPointerException
]]></error>
    <system-out><![CDATA[
@Regression
Scenario: Check For Employers button    # src/test/java/features/aetnaHome.feature:73
  Given I am in Aetna Homepage          # stepDefinitions.HomePageStepDefinitions.i_am_in_aetna_homepage()
  Then I click on Expplore Aetna Site   # stepDefinitions.HomePageStepDefinitions.i_click_on_expplore_aetna_site()
      java.lang.NullPointerException
	at org.openqa.selenium.support.pagefactory.DefaultElementLocator.findElement(DefaultElementLocator.java:69)
	at org.openqa.selenium.support.pagefactory.internal.LocatingElementHandler.invoke(LocatingElementHandler.java:38)
	at com.sun.proxy.$Proxy25.click(Unknown Source)
	at aetnahome.AetnaHome.aetnaExploreSiteMethod(AetnaHome.java:77)
	at stepDefinitions.HomePageStepDefinitions.i_click_on_expplore_aetna_site(HomePageStepDefinitions.java:36)
	at ✽.I click on Expplore Aetna Site(file:///Users/rabahlamri/IdeaProjects/AutomationLab_Team_3/Aetna/src/test/java/features/aetnaHome.feature:17)

  Then I click on For Employers Button  # stepDefinitions.HomePageStepDefinitions.i_click_on_for_employers_button()
  And I verify For Employers page title # stepDefinitions.HomePageStepDefinitions.i_verify_for_employers_page_title()
]]></system-out>
    <system-err><![CDATA[Starting ChromeDriver 85.0.4183.87 (cd6713ebf92fa1cacc0f1a598df280093af0c5d7-refs/branch-heads/4183@{#1689}) on port 6908
Only local connections are allowed.
Please see https://chromedriver.chromium.org/security-considerations for suggestions on keeping ChromeDriver safe.
ChromeDriver was started successfully.
Sep 27, 2020 12:36:00 AM org.openqa.selenium.remote.ProtocolHandshake createSession
INFO: Detected dialect: W3C
]]></system-err>
  </testcase>
  <testcase name="Check For Agents Brokers button" classname="Aetna Homepage Functionality Check" time="5.917">
    <error type="java.lang.NullPointerException"><![CDATA[java.lang.NullPointerException
]]></error>
    <system-out><![CDATA[
@Regression
Scenario: Check For Agents Brokers button   # src/test/java/features/aetnaHome.feature:78
  Given I am in Aetna Homepage              # stepDefinitions.HomePageStepDefinitions.i_am_in_aetna_homepage()
  Then I click on Expplore Aetna Site       # stepDefinitions.HomePageStepDefinitions.i_click_on_expplore_aetna_site()
      java.lang.NullPointerException
	at org.openqa.selenium.support.pagefactory.DefaultElementLocator.findElement(DefaultElementLocator.java:69)
	at org.openqa.selenium.support.pagefactory.internal.LocatingElementHandler.invoke(LocatingElementHandler.java:38)
	at com.sun.proxy.$Proxy25.click(Unknown Source)
	at aetnahome.AetnaHome.aetnaExploreSiteMethod(AetnaHome.java:77)
	at stepDefinitions.HomePageStepDefinitions.i_click_on_expplore_aetna_site(HomePageStepDefinitions.java:36)
	at ✽.I click on Expplore Aetna Site(file:///Users/rabahlamri/IdeaProjects/AutomationLab_Team_3/Aetna/src/test/java/features/aetnaHome.feature:17)

  Then I click on For Agents Brokers Button # stepDefinitions.HomePageStepDefinitions.i_click_on_for_agents_brokers_button()
  And I verify Agents Brokers page title    # stepDefinitions.HomePageStepDefinitions.i_verify_agents_brokers_page_title()
]]></system-out>
    <system-err><![CDATA[Starting ChromeDriver 85.0.4183.87 (cd6713ebf92fa1cacc0f1a598df280093af0c5d7-refs/branch-heads/4183@{#1689}) on port 46956
Only local connections are allowed.
Please see https://chromedriver.chromium.org/security-considerations for suggestions on keeping ChromeDriver safe.
ChromeDriver was started successfully.
Sep 27, 2020 12:36:08 AM org.openqa.selenium.remote.ProtocolHandshake createSession
INFO: Detected dialect: W3C
]]></system-err>
  </testcase>
  <testcase name="Check For Partners button" classname="Aetna Homepage Functionality Check" time="7.101">
    <error type="java.lang.NullPointerException"><![CDATA[java.lang.NullPointerException
]]></error>
    <system-out><![CDATA[
@Regression
Scenario: Check For Partners button    # src/test/java/features/aetnaHome.feature:83
  Given I am in Aetna Homepage         # stepDefinitions.HomePageStepDefinitions.i_am_in_aetna_homepage()
  Then I click on Expplore Aetna Site  # stepDefinitions.HomePageStepDefinitions.i_click_on_expplore_aetna_site()
      java.lang.NullPointerException
	at org.openqa.selenium.support.pagefactory.DefaultElementLocator.findElement(DefaultElementLocator.java:69)
	at org.openqa.selenium.support.pagefactory.internal.LocatingElementHandler.invoke(LocatingElementHandler.java:38)
	at com.sun.proxy.$Proxy25.click(Unknown Source)
	at aetnahome.AetnaHome.aetnaExploreSiteMethod(AetnaHome.java:77)
	at stepDefinitions.HomePageStepDefinitions.i_click_on_expplore_aetna_site(HomePageStepDefinitions.java:36)
	at ✽.I click on Expplore Aetna Site(file:///Users/rabahlamri/IdeaProjects/AutomationLab_Team_3/Aetna/src/test/java/features/aetnaHome.feature:17)

  Then I click on For Partners Button  # stepDefinitions.HomePageStepDefinitions.i_click_on_for_partners_button()
  And I verify For Partners page title # stepDefinitions.HomePageStepDefinitions.i_verify_for_partners_page_title()
]]></system-out>
    <system-err><![CDATA[Starting ChromeDriver 85.0.4183.87 (cd6713ebf92fa1cacc0f1a598df280093af0c5d7-refs/branch-heads/4183@{#1689}) on port 5268
Only local connections are allowed.
Please see https://chromedriver.chromium.org/security-considerations for suggestions on keeping ChromeDriver safe.
ChromeDriver was started successfully.
Sep 27, 2020 12:36:13 AM org.openqa.selenium.remote.ProtocolHandshake createSession
INFO: Detected dialect: W3C
]]></system-err>
  </testcase>
  <testcase name="Check Careers button" classname="Aetna Homepage Functionality Check" time="6.242">
    <error type="java.lang.NullPointerException"><![CDATA[java.lang.NullPointerException
]]></error>
    <system-out><![CDATA[
@Regression
Scenario: Check Careers button        # src/test/java/features/aetnaHome.feature:88
  Given I am in Aetna Homepage        # stepDefinitions.HomePageStepDefinitions.i_am_in_aetna_homepage()
  Then I click on Expplore Aetna Site # stepDefinitions.HomePageStepDefinitions.i_click_on_expplore_aetna_site()
      java.lang.NullPointerException
	at org.openqa.selenium.support.pagefactory.DefaultElementLocator.findElement(DefaultElementLocator.java:69)
	at org.openqa.selenium.support.pagefactory.internal.LocatingElementHandler.invoke(LocatingElementHandler.java:38)
	at com.sun.proxy.$Proxy25.click(Unknown Source)
	at aetnahome.AetnaHome.aetnaExploreSiteMethod(AetnaHome.java:77)
	at stepDefinitions.HomePageStepDefinitions.i_click_on_expplore_aetna_site(HomePageStepDefinitions.java:36)
	at ✽.I click on Expplore Aetna Site(file:///Users/rabahlamri/IdeaProjects/AutomationLab_Team_3/Aetna/src/test/java/features/aetnaHome.feature:17)

  Then I click on Careers Button      # stepDefinitions.HomePageStepDefinitions.i_click_on_careers_button()
  And I verify the Careers page title # stepDefinitions.HomePageStepDefinitions.i_verify_the_careers_page_title()
]]></system-out>
    <system-err><![CDATA[Starting ChromeDriver 85.0.4183.87 (cd6713ebf92fa1cacc0f1a598df280093af0c5d7-refs/branch-heads/4183@{#1689}) on port 10894
Only local connections are allowed.
Please see https://chromedriver.chromium.org/security-considerations for suggestions on keeping ChromeDriver safe.
ChromeDriver was started successfully.
Sep 27, 2020 12:36:21 AM org.openqa.selenium.remote.ProtocolHandshake createSession
INFO: Detected dialect: W3C
]]></system-err>
  </testcase>
  <testcase name="Check About Us button" classname="Aetna Homepage Functionality Check" time="6.106">
    <error type="java.lang.NullPointerException"><![CDATA[java.lang.NullPointerException
]]></error>
    <system-out><![CDATA[
@Regression
Scenario: Check About Us button       # src/test/java/features/aetnaHome.feature:93
  Given I am in Aetna Homepage        # stepDefinitions.HomePageStepDefinitions.i_am_in_aetna_homepage()
  Then I click on Expplore Aetna Site # stepDefinitions.HomePageStepDefinitions.i_click_on_expplore_aetna_site()
      java.lang.NullPointerException
	at org.openqa.selenium.support.pagefactory.DefaultElementLocator.findElement(DefaultElementLocator.java:69)
	at org.openqa.selenium.support.pagefactory.internal.LocatingElementHandler.invoke(LocatingElementHandler.java:38)
	at com.sun.proxy.$Proxy25.click(Unknown Source)
	at aetnahome.AetnaHome.aetnaExploreSiteMethod(AetnaHome.java:77)
	at stepDefinitions.HomePageStepDefinitions.i_click_on_expplore_aetna_site(HomePageStepDefinitions.java:36)
	at ✽.I click on Expplore Aetna Site(file:///Users/rabahlamri/IdeaProjects/AutomationLab_Team_3/Aetna/src/test/java/features/aetnaHome.feature:17)

  Then I click on About Us Button     # stepDefinitions.HomePageStepDefinitions.i_click_on_about_us_button()
  And I verify About Us page title    # stepDefinitions.HomePageStepDefinitions.i_verify_about_us_page_title()
]]></system-out>
    <system-err><![CDATA[Starting ChromeDriver 85.0.4183.87 (cd6713ebf92fa1cacc0f1a598df280093af0c5d7-refs/branch-heads/4183@{#1689}) on port 5873
Only local connections are allowed.
Please see https://chromedriver.chromium.org/security-considerations for suggestions on keeping ChromeDriver safe.
ChromeDriver was started successfully.
Sep 27, 2020 12:36:27 AM org.openqa.selenium.remote.ProtocolHandshake createSession
INFO: Detected dialect: W3C
]]></system-err>
  </testcase>
</testsuite>